\BOOKMARK [0][-]{chapter*.2}{\376\377\000I\000n\000t\000r\000o\000d\000u\000c\000t\000i\000o\000n}{}% 1
\BOOKMARK [1][-]{chapter*.3}{\376\377\000W\000h\000a\000t\000\040\000i\000s\000\040\000t\000h\000e\000\040\000s\000u\000b\000j\000e\000c\000t\000\040\000o\000f\000\040\000t\000h\000e\000\040\000i\000n\000t\000e\000r\000n\000s\000h\000i\000p\000\040\000?}{chapter*.2}% 2
\BOOKMARK [1][-]{section*.4}{\376\377\000A\000\040\000q\000u\000i\000c\000k\000\040\000t\000o\000u\000r\000\040\000o\000n\000\040\000t\000h\000e\000\040\000e\000n\000v\000i\000r\000o\000n\000m\000e\000n\000t}{chapter*.2}% 3
\BOOKMARK [1][-]{section*.5}{\376\377\000W\000h\000a\000t\000\040\000m\000a\000i\000n\000\040\000t\000o\000o\000l\000s\000\040\000a\000r\000e\000\040\000u\000s\000e\000d\000\040\000?}{chapter*.2}% 4
\BOOKMARK [1][-]{section*.6}{\376\377\000S\000o\000p\000h\000i\000s\000t\000i\000c\000a\000t\000e\000d\000\040\000a\000p\000p\000r\000o\000a\000c\000h}{chapter*.2}% 5
\BOOKMARK [1][-]{section*.7}{\376\377\000W\000h\000y\000\040\000i\000n\000v\000e\000s\000t\000\040\000i\000n\000\040\000t\000h\000i\000s\000\040\000p\000r\000o\000j\000e\000c\000t\000\040\000?}{chapter*.2}% 6
\BOOKMARK [0][-]{chapter.1}{\376\377\000S\000t\000a\000t\000i\000c\000\040\000d\000i\000g\000i\000t\000a\000l\000i\000z\000a\000t\000i\000o\000n\000\040\000o\000f\000\040\000s\000o\000c\000i\000e\000t\000y}{}% 7
\BOOKMARK [1][-]{section.1.1}{\376\377\000O\000p\000e\000n\000S\000t\000r\000e\000e\000t\000M\000a\000p}{chapter.1}% 8
\BOOKMARK [1][-]{section.1.2}{\376\377\000P\000l\000a\000c\000e\000s}{chapter.1}% 9
\BOOKMARK [2][-]{subsection.1.2.1}{\376\377\000F\000o\000r\000m\000a\000t\000\040\000o\000p\000e\000n\000s\000t\000r\000e\000e\000t\000m\000a\000p}{section.1.2}% 10
\BOOKMARK [2][-]{subsection.1.2.2}{\376\377\000D\000a\000t\000a\000b\000a\000s\000e}{section.1.2}% 11
\BOOKMARK [2][-]{subsection.1.2.3}{\376\377\000A\000d\000v\000a\000n\000c\000e\000d\000\040\000a\000t\000t\000r\000i\000b\000u\000t\000e\000s}{section.1.2}% 12
\BOOKMARK [2][-]{subsection.1.2.4}{\376\377\000D\000i\000s\000t\000a\000n\000c\000e\000\040\000m\000a\000n\000a\000g\000e\000m\000e\000n\000t}{section.1.2}% 13
\BOOKMARK [1][-]{section.1.3}{\376\377\000I\000n\000d\000i\000v\000i\000d\000u\000a\000l\000s}{chapter.1}% 14
\BOOKMARK [2][-]{subsection.1.3.1}{\376\377\000C\000o\000n\000s\000t\000i\000t\000u\000t\000i\000o\000n\000\040\000o\000f\000\040\000s\000t\000a\000t\000i\000c\000\040\000d\000a\000t\000a}{section.1.3}% 15
\BOOKMARK [2][-]{subsection.1.3.2}{\376\377\000R\000e\000p\000r\000e\000s\000e\000n\000t\000a\000t\000i\000o\000n\000\040\000o\000f\000\040\000i\000n\000d\000i\000v\000i\000d\000u\000a\000l\000\040\000d\000i\000v\000e\000r\000s\000i\000t\000y}{section.1.3}% 16
\BOOKMARK [2][-]{subsection.1.3.3}{\376\377\000D\000a\000t\000a\000b\000a\000s\000e}{section.1.3}% 17
\BOOKMARK [2][-]{subsection.1.3.4}{\376\377\000E\000x\000t\000e\000r\000n\000a\000l\000\040\000c\000o\000n\000s\000i\000d\000e\000r\000a\000t\000i\000o\000n}{section.1.3}% 18
\BOOKMARK [2][-]{subsection.1.3.5}{\376\377\000I\000n\000d\000i\000v\000i\000d\000u\000a\000l\000\040\000b\000a\000s\000e}{section.1.3}% 19
\BOOKMARK [0][-]{chapter.2}{\376\377\000D\000y\000n\000a\000m\000i\000c\000\040\000d\000i\000g\000i\000t\000a\000l\000i\000z\000a\000t\000i\000o\000n\000\040\000o\000f\000\040\000s\000o\000c\000i\000e\000t\000y}{}% 20
\BOOKMARK [1][-]{section.2.1}{\376\377\000S\000c\000e\000n\000a\000r\000i\000o\000s\000\040\000o\000f\000\040\000i\000n\000d\000i\000v\000i\000d\000u\000a\000l\000s}{chapter.2}% 21
\BOOKMARK [2][-]{subsection.2.1.1}{\376\377\000M\000u\000l\000t\000i\000p\000l\000e\000\040\000h\000y\000p\000e\000r\000p\000a\000r\000a\000m\000e\000t\000e\000r\000s}{section.2.1}% 22
\BOOKMARK [2][-]{subsection.2.1.2}{\376\377\000H\000o\000w\000\040\000d\000o\000\040\000y\000o\000u\000\040\000d\000o\000\040\000i\000t\000\040\000?}{section.2.1}% 23
\BOOKMARK [2][-]{subsection.2.1.3}{\376\377\000P\000r\000o\000b\000l\000e\000m\000\040\000o\000f\000\040\000t\000i\000m\000e}{section.2.1}% 24
\BOOKMARK [2][-]{subsection.2.1.4}{\376\377\000M\000e\000m\000o\000r\000y\000\040\000m\000a\000n\000a\000g\000e\000m\000e\000n\000t}{section.2.1}% 25
\BOOKMARK [1][-]{section.2.2}{\376\377\000S\000u\000m\000o\000M\000o\000b\000i\000l\000i\000t\000y}{chapter.2}% 26
\BOOKMARK [1][-]{section.2.3}{\376\377\000R\000o\000a\000d\000\040\000n\000e\000t\000w\000o\000r\000k}{chapter.2}% 27
\BOOKMARK [1][-]{section.2.4}{\376\377\000I\000n\000t\000e\000r\000t\000e\000r\000r\000i\000t\000o\000r\000i\000a\000l\000\040\000m\000o\000v\000e\000m\000e\000n\000t\000s}{chapter.2}% 28
\BOOKMARK [0][-]{chapter.3}{\376\377\000D\000y\000n\000a\000m\000i\000c\000s\000\040\000o\000f\000\040\000i\000n\000f\000e\000c\000t\000i\000o\000u\000s\000\040\000a\000g\000e\000n\000t\000s}{}% 29
\BOOKMARK [1][-]{section.3.1}{\376\377\000I\000n\000f\000e\000c\000t\000i\000o\000u\000s\000\040\000p\000a\000t\000t\000e\000r\000n}{chapter.3}% 30
\BOOKMARK [1][-]{section.3.2}{\376\377\000S\000t\000a\000t\000e\000\040\000t\000r\000a\000n\000s\000i\000t\000i\000o\000n\000s}{chapter.3}% 31
\BOOKMARK [2][-]{subsection.3.2.1}{\376\377\000S\000u\000s\000c\000e\000p\000t\000i\000b\000l\000e}{section.3.2}% 32
\BOOKMARK [2][-]{subsection.3.2.2}{\376\377\000I\000n\000c\000u\000b\000a\000t\000i\000o\000n\000\040\000p\000h\000a\000s\000e}{section.3.2}% 33
\BOOKMARK [2][-]{subsection.3.2.3}{\376\377\000A\000s\000y\000m\000p\000t\000o\000m\000a\000t\000i\000c\000\040\000p\000a\000t\000i\000e\000n\000t}{section.3.2}% 34
\BOOKMARK [2][-]{subsection.3.2.4}{\376\377\000S\000t\000a\000n\000d\000a\000r\000d\000\040\000S\000i\000c\000k}{section.3.2}% 35
\BOOKMARK [2][-]{subsection.3.2.5}{\376\377\000S\000e\000r\000i\000o\000u\000s\000l\000y\000\040\000i\000l\000l}{section.3.2}% 36
\BOOKMARK [2][-]{subsection.3.2.6}{\376\377\000C\000u\000r\000e\000d\000\040\000\046\000\040\000V\000a\000c\000c\000i\000n\000a\000t\000e\000d}{section.3.2}% 37
\BOOKMARK [2][-]{subsection.3.2.7}{\376\377\000D\000e\000c\000e\000a\000s\000e\000d}{section.3.2}% 38
\BOOKMARK [1][-]{section.3.3}{\376\377\000C\000a\000r\000e\000,\000\040\000V\000a\000c\000c\000i\000n\000e\000s\000\040\000a\000n\000d\000\040\000T\000e\000s\000t\000s}{chapter.3}% 39
\BOOKMARK [1][-]{section.3.4}{\376\377\000I\000n\000t\000e\000r\000e\000s\000t\000i\000n\000g\000\040\000d\000e\000t\000a\000i\000l\000s}{chapter.3}% 40
\BOOKMARK [2][-]{subsection.3.4.1}{\376\377\000A\000s\000s\000i\000g\000n\000m\000e\000n\000t\000\040\000o\000f\000\040\000t\000h\000e\000\040\000i\000n\000f\000e\000c\000t\000i\000o\000u\000s\000\040\000s\000c\000o\000r\000e}{section.3.4}% 41
\BOOKMARK [2][-]{subsection.3.4.2}{\376\377\000I\000n\000f\000e\000c\000t\000i\000o\000u\000s\000\040\000s\000e\000v\000e\000r\000i\000t\000y\000\040\000f\000l\000e\000x\000i\000b\000i\000l\000i\000t\000y}{section.3.4}% 42
\BOOKMARK [2][-]{subsection.3.4.3}{\376\377\000C\000o\000m\000p\000l\000e\000x\000i\000t\000y\000\040\000o\000f\000\040\000t\000h\000e\000\040\000a\000s\000y\000m\000p\000t\000o\000m\000a\000t\000i\000c\000\040\000c\000a\000s\000e}{section.3.4}% 43
\BOOKMARK [1][-]{section.3.5}{\376\377\000M\000e\000m\000o\000r\000y\000\040\000m\000a\000n\000a\000g\000e\000m\000e\000n\000t\000\040\000o\000f\000\040\000i\000n\000d\000i\000v\000i\000d\000u\000a\000l\000\040\000s\000t\000a\000t\000e\000s}{chapter.3}% 44
\BOOKMARK [0][-]{chapter.4}{\376\377\000E\000x\000p\000l\000o\000i\000t\000a\000t\000i\000o\000n\000\040\000o\000f\000\040\000d\000i\000g\000i\000t\000a\000l\000i\000z\000a\000t\000i\000o\000n\000s}{}% 45
\BOOKMARK [1][-]{section.4.1}{\376\377\000D\000i\000g\000i\000t\000a\000l\000i\000z\000a\000t\000i\000o\000n\000\040\000o\000v\000e\000r\000\040\000t\000i\000m\000e}{chapter.4}% 46
\BOOKMARK [1][-]{section.4.2}{\376\377\000I\000n\000f\000e\000c\000t\000i\000o\000u\000s\000\040\000a\000s\000s\000e\000s\000s\000m\000e\000n\000t}{chapter.4}% 47
\BOOKMARK [2][-]{subsection.4.2.1}{\376\377\000C\000o\000n\000t\000a\000m\000i\000n\000a\000t\000i\000o\000n}{section.4.2}% 48
\BOOKMARK [2][-]{subsection.4.2.2}{\376\377\000E\000v\000o\000l\000u\000t\000i\000o\000n\000\040\000o\000f\000\040\000s\000t\000a\000t\000e\000s}{section.4.2}% 49
\BOOKMARK [2][-]{subsection.4.2.3}{\376\377\000T\000e\000r\000r\000i\000t\000o\000r\000i\000a\000l\000\040\000A\000s\000s\000e\000s\000s\000m\000e\000n\000t\000\040\000S\000c\000o\000r\000e\000s}{section.4.2}% 50
\BOOKMARK [1][-]{section.4.3}{\376\377\000E\000c\000o\000n\000o\000m\000i\000c\000\040\000e\000v\000a\000l\000u\000a\000t\000i\000o\000n}{chapter.4}% 51
\BOOKMARK [2][-]{subsection.4.3.1}{\376\377\000E\000n\000t\000e\000r\000p\000r\000i\000s\000e\000s}{section.4.3}% 52
\BOOKMARK [2][-]{subsection.4.3.2}{\376\377\000I\000n\000d\000i\000v\000i\000d\000u\000a\000l\000s}{section.4.3}% 53
\BOOKMARK [2][-]{subsection.4.3.3}{\376\377\000T\000e\000r\000r\000i\000t\000o\000r\000i\000a\000l\000\040\000A\000s\000s\000e\000s\000s\000m\000e\000n\000t\000\040\000S\000c\000o\000r\000e\000s}{section.4.3}% 54
\BOOKMARK [0][-]{chapter.5}{\376\377\000E\000x\000a\000m\000p\000l\000e\000\040\000o\000f\000\040\000a\000n\000\040\000i\000l\000l\000u\000s\000t\000r\000a\000t\000i\000v\000e\000\040\000a\000p\000p\000l\000i\000c\000a\000t\000i\000o\000n}{}% 55
\BOOKMARK [0][-]{chapter.6}{\376\377\000E\000n\000v\000i\000r\000o\000n\000m\000e\000n\000t\000a\000l\000\040\000c\000o\000m\000p\000l\000e\000x\000i\000t\000i\000e\000s}{}% 56
\BOOKMARK [1][-]{section.6.1}{\376\377\000O\000v\000e\000r\000f\000i\000t\000t\000i\000n\000g\000\040\000o\000f\000\040\000r\000e\000a\000l\000i\000t\000y}{chapter.6}% 57
\BOOKMARK [1][-]{section.6.2}{\376\377\000E\000v\000o\000l\000u\000t\000i\000o\000n\000\040\000a\000n\000d\000\040\000c\000o\000m\000p\000e\000t\000i\000t\000i\000o\000n\000\040\000o\000f\000\040\000i\000n\000f\000e\000c\000t\000i\000o\000n\000s}{chapter.6}% 58
\BOOKMARK [1][-]{section.6.3}{\376\377\000D\000i\000v\000e\000r\000s\000i\000t\000y\000\040\000o\000f\000\040\000s\000o\000c\000i\000e\000t\000y}{chapter.6}% 59
\BOOKMARK [1][-]{section.6.4}{\376\377\000E\000v\000o\000l\000u\000t\000i\000o\000n\000\040\000o\000f\000\040\000p\000a\000r\000a\000m\000e\000t\000e\000r\000s}{chapter.6}% 60
\BOOKMARK [1][-]{section.6.5}{\376\377\000I\000m\000p\000a\000c\000t\000\040\000o\000f\000\040\000e\000x\000t\000e\000r\000n\000a\000l\000\040\000t\000e\000r\000r\000i\000t\000o\000r\000i\000e\000s}{chapter.6}% 61
\BOOKMARK [1][-]{section.6.6}{\376\377\000A\000d\000v\000a\000n\000c\000e\000d\000\040\000s\000c\000e\000n\000a\000r\000i\000o\000\040\000c\000o\000n\000s\000t\000r\000a\000i\000n\000t\000s}{chapter.6}% 62
\BOOKMARK [1][-]{section.6.7}{\376\377\000R\000e\000s\000p\000e\000c\000t\000\040\000f\000o\000r\000\040\000b\000a\000r\000r\000i\000e\000r\000\040\000g\000e\000s\000t\000u\000r\000e\000s}{chapter.6}% 63
\BOOKMARK [1][-]{section.6.8}{\376\377\000T\000e\000s\000t\000,\000\040\000a\000l\000e\000r\000t\000\040\000a\000n\000d\000\040\000p\000r\000o\000t\000e\000c\000t}{chapter.6}% 64
\BOOKMARK [0][-]{chapter.7}{\376\377\000A\000p\000p\000r\000o\000v\000a\000l\000\040\000w\000i\000t\000h\000\040\000r\000e\000a\000l\000\040\000d\000a\000t\000a}{}% 65
\BOOKMARK [0][-]{chapter.8}{\376\377\000C\000o\000m\000b\000i\000n\000a\000t\000o\000r\000i\000a\000l\000\040\000d\000e\000c\000i\000s\000i\000o\000n\000s}{}% 66
\BOOKMARK [1][-]{section.8.1}{\376\377\000C\000o\000n\000s\000t\000r\000a\000i\000n\000t\000s\000\040\000o\000n\000\040\000i\000n\000d\000i\000v\000i\000d\000u\000a\000l\000s}{chapter.8}% 67
\BOOKMARK [1][-]{section.8.2}{\376\377\000C\000o\000n\000s\000t\000r\000a\000i\000n\000t\000s\000\040\000o\000n\000\040\000s\000p\000a\000c\000e\000s}{chapter.8}% 68
\BOOKMARK [1][-]{section.8.3}{\376\377\000C\000o\000n\000s\000t\000r\000a\000i\000n\000t\000s\000\040\000o\000n\000\040\000s\000c\000e\000n\000a\000r\000i\000o\000s}{chapter.8}% 69
\BOOKMARK [1][-]{section.8.4}{\376\377\000C\000o\000n\000s\000t\000r\000a\000i\000n\000t\000s\000\040\000o\000n\000\040\000i\000n\000f\000e\000c\000t\000i\000o\000u\000s\000\040\000s\000t\000a\000t\000e\000s}{chapter.8}% 70
\BOOKMARK [0][-]{chapter.9}{\376\377\000P\000a\000r\000a\000l\000l\000e\000l\000i\000z\000a\000t\000i\000o\000n\000\040\000o\000f\000\040\000c\000a\000l\000c\000u\000l\000a\000t\000i\000o\000n\000s}{}% 71
\BOOKMARK [1][-]{section.9.1}{\376\377\000I\000n\000i\000t\000i\000a\000l\000i\000z\000a\000t\000i\000o\000n\000\040\000p\000h\000a\000s\000e}{chapter.9}% 72
\BOOKMARK [1][-]{section.9.2}{\376\377\000I\000t\000e\000r\000a\000t\000i\000v\000e\000\040\000p\000h\000a\000s\000e}{chapter.9}% 73
\BOOKMARK [0][-]{chapter.10}{\376\377\000D\000e\000v\000e\000l\000o\000p\000m\000e\000n\000t\000\040\000p\000r\000o\000s\000p\000e\000c\000t\000s}{}% 74
\BOOKMARK [1][-]{section.10.1}{\376\377\000L\000o\000c\000a\000l\000\040\000m\000o\000d\000e\000l\000i\000n\000g\000\040\000i\000n\000\040\000a\000\040\000p\000l\000a\000c\000e}{chapter.10}% 75
\BOOKMARK [1][-]{section.10.2}{\376\377\000E\000x\000p\000l\000o\000r\000i\000n\000g\000\040\000p\000o\000t\000e\000n\000t\000i\000a\000l\000\040\000d\000e\000c\000i\000s\000i\000o\000n\000s}{chapter.10}% 76
\BOOKMARK [1][-]{section.10.3}{\376\377\000M\000u\000l\000t\000i\000-\000t\000e\000r\000r\000i\000t\000o\000r\000i\000a\000l\000\040\000c\000o\000n\000s\000i\000d\000e\000r\000a\000t\000i\000o\000n}{chapter.10}% 77
\BOOKMARK [1][-]{section.10.4}{\376\377\000E\000d\000i\000t\000i\000n\000g\000\040\000m\000a\000p\000\040\000d\000a\000t\000a}{chapter.10}% 78
\BOOKMARK [1][-]{section.10.5}{\376\377\000A\000d\000d\000i\000t\000i\000o\000n\000\040\000o\000f\000\040\000t\000h\000e\000\040\000p\000s\000y\000c\000h\000o\000l\000o\000g\000i\000c\000a\000l\000\040\000c\000r\000i\000t\000e\000r\000i\000o\000n}{chapter.10}% 79
\BOOKMARK [1][-]{section.10.6}{\376\377\000I\000n\000-\000d\000e\000p\000t\000h\000\040\000a\000n\000a\000l\000y\000s\000i\000s\000\040\000o\000f\000\040\000r\000e\000s\000u\000l\000t\000s}{chapter.10}% 80
\BOOKMARK [0][-]{figure.caption.20}{\376\377\000Q\000u\000e\000s\000t\000i\000o\000n\000i\000n\000g\000\040\000i\000n\000t\000e\000l\000l\000i\000g\000e\000n\000c\000e}{}% 81
\BOOKMARK [0][-]{chapter*.21}{\376\377\000A\000n\000\040\000i\000n\000t\000e\000r\000e\000s\000t\000i\000n\000g\000\040\000p\000r\000o\000j\000e\000c\000t\000i\000o\000n}{}% 82
\BOOKMARK [0][-]{chapter*.22}{\376\377\000T\000h\000a\000n\000k\000s}{}% 83
